[ 2015-09-02T14:48:59+08:00 ] 127.0.0.1 /?c=user&a=login
ERR: SQLSTATE[28000] [1045] Access denied for user 'root'@'localhost' (using password: YES)

[ 2015-09-02T14:49:48+08:00 ] 127.0.0.1 /index.php?c=user&a=imgupload
INFO: [ app_begin ] --START--
INFO: Run Behavior\ReadHtmlCacheBehavior [ RunTime:0.003208s ]
INFO: [ app_begin ] --END-- [ RunTime:0.006571s ]
ERR: 非法操作:imgupload

[ 2015-09-02T14:50:32+08:00 ] 127.0.0.1 /index.php?c=user&a=imguploadAPI
INFO: [ app_begin ] --START--
INFO: Run Behavior\ReadHtmlCacheBehavior [ RunTime:0.006024s ]
INFO: [ app_begin ] --END-- [ RunTime:0.008410s ]
NOTIC: [8] Undefined index: act E:\svn_fang\svn_online\fang\gogo\Home\Controller\UserController.class.php 第 110 行.

[ 2015-09-02T14:51:17+08:00 ] 127.0.0.1 /index.php?c=user&a=imguploadAPI
INFO: [ app_begin ] --START--
INFO: Run Behavior\ReadHtmlCacheBehavior [ RunTime:0.005429s ]
INFO: [ app_begin ] --END-- [ RunTime:0.007883s ]
NOTIC: [8] Undefined index: act E:\svn_fang\svn_online\fang\gogo\Home\Controller\UserController.class.php 第 110 行.

[ 2015-09-02T14:54:06+08:00 ] 127.0.0.1 /index.php?c=user&a=chknameAPI&user_name=d
INFO: [ app_begin ] --START--
INFO: Run Behavior\ReadHtmlCacheBehavior [ RunTime:0.002929s ]
INFO: [ app_begin ] --END-- [ RunTime:0.005102s ]
SQL: SHOW COLUMNS FROM `gogo_user` [ RunTime:0.0220s ]
SQL: SELECT * FROM `gogo_user` WHERE `user_name` = 'd' LIMIT 1   [ RunTime:0.0011s ]

[ 2015-09-02T14:57:27+08:00 ] 127.0.0.1 /index.php?c=user&a=chknameAPI&user_name=alan15
INFO: [ app_begin ] --START--
INFO: Run Behavior\ReadHtmlCacheBehavior [ RunTime:0.003057s ]
INFO: [ app_begin ] --END-- [ RunTime:0.005778s ]
SQL: SHOW COLUMNS FROM `gogo_user` [ RunTime:0.0206s ]
SQL: SELECT * FROM `gogo_user` WHERE `user_name` = 'alan15' LIMIT 1   [ RunTime:0.0010s ]

[ 2015-09-02T15:12:36+08:00 ] 127.0.0.1 /index.php?c=user&a=chknameAPI&user_name=alan16
INFO: [ app_begin ] --START--
INFO: Run Behavior\ReadHtmlCacheBehavior [ RunTime:0.002932s ]
INFO: [ app_begin ] --END-- [ RunTime:0.006390s ]
SQL: SHOW COLUMNS FROM `gogo_user` [ RunTime:0.0207s ]
SQL: SELECT * FROM `gogo_user` WHERE `user_name` = 'alan16' LIMIT 1   [ RunTime:0.0012s ]

[ 2015-09-02T15:20:41+08:00 ] 127.0.0.1 /index.php?c=user&a=chknameAPI&user_name=fsdfaasdfa
INFO: [ app_begin ] --START--
INFO: Run Behavior\ReadHtmlCacheBehavior [ RunTime:0.006440s ]
INFO: [ app_begin ] --END-- [ RunTime:0.009782s ]
SQL: SHOW COLUMNS FROM `gogo_user` [ RunTime:0.0209s ]
SQL: SELECT * FROM `gogo_user` WHERE `user_name` = 'fsdfaasdfa' LIMIT 1   [ RunTime:0.0010s ]

[ 2015-09-02T15:20:52+08:00 ] 127.0.0.1 /index.php?c=user&a=chknameAPI&user_name=alan17
INFO: [ app_begin ] --START--
INFO: Run Behavior\ReadHtmlCacheBehavior [ RunTime:0.006015s ]
INFO: [ app_begin ] --END-- [ RunTime:0.009582s ]
SQL: SHOW COLUMNS FROM `gogo_user` [ RunTime:0.0198s ]
SQL: SELECT * FROM `gogo_user` WHERE `user_name` = 'alan17' LIMIT 1   [ RunTime:0.0009s ]

[ 2015-09-02T15:22:49+08:00 ] 127.0.0.1 /index.php?m=&c=user&a=sagin
ERR: 非法操作:sagin

[ 2015-09-02T15:23:20+08:00 ] 127.0.0.1 /index.php?c=user&a=chknameAPI&user_name=alan18
INFO: [ app_begin ] --START--
INFO: Run Behavior\ReadHtmlCacheBehavior [ RunTime:0.005758s ]
INFO: [ app_begin ] --END-- [ RunTime:0.008111s ]
SQL: SHOW COLUMNS FROM `gogo_user` [ RunTime:0.0209s ]
SQL: SELECT * FROM `gogo_user` WHERE `user_name` = 'alan18' LIMIT 1   [ RunTime:0.0010s ]

[ 2015-09-02T15:23:35+08:00 ] 127.0.0.1 /index.php?c=user&a=chknameAPI&user_name=alan18
INFO: [ app_begin ] --START--
INFO: Run Behavior\ReadHtmlCacheBehavior [ RunTime:0.005621s ]
INFO: [ app_begin ] --END-- [ RunTime:0.007964s ]
SQL: SHOW COLUMNS FROM `gogo_user` [ RunTime:0.0224s ]
SQL: SELECT * FROM `gogo_user` WHERE `user_name` = 'alan18' LIMIT 1   [ RunTime:0.0007s ]

[ 2015-09-02T15:25:21+08:00 ] 127.0.0.1 /index.php?c=user&a=chknameAPI&user_name=alan19
INFO: [ app_begin ] --START--
INFO: Run Behavior\ReadHtmlCacheBehavior [ RunTime:0.005583s ]
INFO: [ app_begin ] --END-- [ RunTime:0.008771s ]
SQL: SHOW COLUMNS FROM `gogo_user` [ RunTime:0.0203s ]
SQL: SELECT * FROM `gogo_user` WHERE `user_name` = 'alan19' LIMIT 1   [ RunTime:0.0011s ]

[ 2015-09-02T15:26:38+08:00 ] 127.0.0.1 /index.php?c=user&a=chknameAPI&user_name=alan19
INFO: [ app_begin ] --START--
INFO: Run Behavior\ReadHtmlCacheBehavior [ RunTime:0.005774s ]
INFO: [ app_begin ] --END-- [ RunTime:0.008201s ]
SQL: SHOW COLUMNS FROM `gogo_user` [ RunTime:0.0200s ]
SQL: SELECT * FROM `gogo_user` WHERE `user_name` = 'alan19' LIMIT 1   [ RunTime:0.0008s ]

[ 2015-09-02T15:27:28+08:00 ] 127.0.0.1 /index.php?c=user&a=chknameAPI&user_name=assssss
INFO: [ app_begin ] --START--
INFO: Run Behavior\ReadHtmlCacheBehavior [ RunTime:0.005845s ]
INFO: [ app_begin ] --END-- [ RunTime:0.008941s ]
SQL: SHOW COLUMNS FROM `gogo_user` [ RunTime:0.0209s ]
SQL: SELECT * FROM `gogo_user` WHERE `user_name` = 'assssss' LIMIT 1   [ RunTime:0.0010s ]

[ 2015-09-02T15:28:40+08:00 ] 127.0.0.1 /index.php?c=user&a=chknameAPI&user_name=alan19
INFO: [ app_begin ] --START--
INFO: Run Behavior\ReadHtmlCacheBehavior [ RunTime:0.003022s ]
INFO: [ app_begin ] --END-- [ RunTime:0.005411s ]
SQL: SHOW COLUMNS FROM `gogo_user` [ RunTime:0.0205s ]
SQL: SELECT * FROM `gogo_user` WHERE `user_name` = 'alan19' LIMIT 1   [ RunTime:0.0010s ]

[ 2015-09-02T15:29:05+08:00 ] 127.0.0.1 /index.php?c=user&a=chknameAPI&user_name=alan20
INFO: [ app_begin ] --START--
INFO: Run Behavior\ReadHtmlCacheBehavior [ RunTime:0.006685s ]
INFO: [ app_begin ] --END-- [ RunTime:0.009105s ]
SQL: SHOW COLUMNS FROM `gogo_user` [ RunTime:0.0199s ]
SQL: SELECT * FROM `gogo_user` WHERE `user_name` = 'alan20' LIMIT 1   [ RunTime:0.0011s ]

[ 2015-09-02T15:29:34+08:00 ] 127.0.0.1 /index.php?c=user&a=imguploadAPI
INFO: [ app_begin ] --START--
INFO: Run Behavior\ReadHtmlCacheBehavior [ RunTime:0.005321s ]
INFO: [ app_begin ] --END-- [ RunTime:0.008472s ]
NOTIC: [8] Undefined index: act E:\svn_fang\svn_online\fang\gogo\Home\Controller\UserController.class.php 第 110 行.

[ 2015-09-02T15:39:04+08:00 ] 127.0.0.1 /index.php?c=user&a=imguploadAPI
INFO: [ app_begin ] --START--
INFO: Run Behavior\ReadHtmlCacheBehavior [ RunTime:0.005397s ]
INFO: [ app_begin ] --END-- [ RunTime:0.007649s ]
NOTIC: [8] Undefined index: act E:\svn_fang\svn_online\fang\gogo\Home\Controller\UserController.class.php 第 110 行.

[ 2015-09-02T15:40:27+08:00 ] 127.0.0.1 /index.php?c=user&a=imguploadAPI
INFO: [ app_begin ] --START--
INFO: Run Behavior\ReadHtmlCacheBehavior [ RunTime:0.005917s ]
INFO: [ app_begin ] --END-- [ RunTime:0.008179s ]
NOTIC: [8] Undefined index: act E:\svn_fang\svn_online\fang\gogo\Home\Controller\UserController.class.php 第 110 行.

[ 2015-09-02T15:42:08+08:00 ] 127.0.0.1 /index.php?c=user&a=imguploadAPI
INFO: [ app_begin ] --START--
INFO: Run Behavior\ReadHtmlCacheBehavior [ RunTime:0.005795s ]
INFO: [ app_begin ] --END-- [ RunTime:0.010682s ]
NOTIC: [8] Undefined index: act E:\svn_fang\svn_online\fang\gogo\Home\Controller\UserController.class.php 第 110 行.

[ 2015-09-02T15:44:26+08:00 ] 127.0.0.1 /index.php?c=user&a=imguploadAPI
INFO: [ app_begin ] --START--
INFO: Run Behavior\ReadHtmlCacheBehavior [ RunTime:0.005382s ]
INFO: [ app_begin ] --END-- [ RunTime:0.007961s ]
NOTIC: [8] Undefined index: act E:\svn_fang\svn_online\fang\gogo\Home\Controller\UserController.class.php 第 110 行.

[ 2015-09-02T15:45:51+08:00 ] 127.0.0.1 /index.php?c=user&a=imguploadAPI
INFO: [ app_begin ] --START--
INFO: Run Behavior\ReadHtmlCacheBehavior [ RunTime:0.005705s ]
INFO: [ app_begin ] --END-- [ RunTime:0.007981s ]
NOTIC: [8] Undefined index: act E:\svn_fang\svn_online\fang\gogo\Home\Controller\UserController.class.php 第 110 行.

[ 2015-09-02T15:46:43+08:00 ] 127.0.0.1 /index.php?c=user&a=imguploadAPI
INFO: [ app_begin ] --START--
INFO: Run Behavior\ReadHtmlCacheBehavior [ RunTime:0.006253s ]
INFO: [ app_begin ] --END-- [ RunTime:0.008539s ]
NOTIC: [8] Undefined index: act E:\svn_fang\svn_online\fang\gogo\Home\Controller\UserController.class.php 第 110 行.

[ 2015-09-02T15:46:56+08:00 ] 127.0.0.1 /index.php?c=user&a=imguploadAPI
INFO: [ app_begin ] --START--
INFO: Run Behavior\ReadHtmlCacheBehavior [ RunTime:0.006032s ]
INFO: [ app_begin ] --END-- [ RunTime:0.008378s ]
NOTIC: [8] Undefined index: act E:\svn_fang\svn_online\fang\gogo\Home\Controller\UserController.class.php 第 110 行.

[ 2015-09-02T15:49:37+08:00 ] 127.0.0.1 /index.php?c=user&a=imguploadAPI
INFO: [ app_begin ] --START--
INFO: Run Behavior\ReadHtmlCacheBehavior [ RunTime:0.005629s ]
INFO: [ app_begin ] --END-- [ RunTime:0.007922s ]
NOTIC: [8] Undefined index: act E:\svn_fang\svn_online\fang\gogo\Home\Controller\UserController.class.php 第 110 行.

[ 2015-09-02T15:50:19+08:00 ] 127.0.0.1 /index.php?c=user&a=imguploadAPI
INFO: [ app_begin ] --START--
INFO: Run Behavior\ReadHtmlCacheBehavior [ RunTime:0.005925s ]
INFO: [ app_begin ] --END-- [ RunTime:0.008238s ]
NOTIC: [8] Undefined index: act E:\svn_fang\svn_online\fang\gogo\Home\Controller\UserController.class.php 第 110 行.

[ 2015-09-02T15:51:26+08:00 ] 127.0.0.1 /index.php?c=user&a=imguploadAPI
INFO: [ app_begin ] --START--
INFO: Run Behavior\ReadHtmlCacheBehavior [ RunTime:0.005667s ]
INFO: [ app_begin ] --END-- [ RunTime:0.008053s ]
NOTIC: [8] Undefined index: act E:\svn_fang\svn_online\fang\gogo\Home\Controller\UserController.class.php 第 110 行.

[ 2015-09-02T16:36:09+08:00 ] 127.0.0.1 /index.php?c=user&a=imguploadAPI
INFO: [ app_begin ] --START--
INFO: Run Behavior\ReadHtmlCacheBehavior [ RunTime:0.002834s ]
INFO: [ app_begin ] --END-- [ RunTime:0.005959s ]
NOTIC: [8] Undefined index: act E:\svn_fang\svn_online\fang\gogo\Home\Controller\UserController.class.php 第 121 行.

[ 2015-09-02T16:39:56+08:00 ] 127.0.0.1 /index.php?c=user&a=imguploadAPI
INFO: [ app_begin ] --START--
INFO: Run Behavior\ReadHtmlCacheBehavior [ RunTime:0.005282s ]
INFO: [ app_begin ] --END-- [ RunTime:0.007632s ]
NOTIC: [8] Undefined index: act E:\svn_fang\svn_online\fang\gogo\Home\Controller\UserController.class.php 第 119 行.

[ 2015-09-02T16:41:44+08:00 ] 127.0.0.1 /index.php?c=user&a=imguploadAPI
INFO: [ app_begin ] --START--
INFO: Run Behavior\ReadHtmlCacheBehavior [ RunTime:0.005303s ]
INFO: [ app_begin ] --END-- [ RunTime:0.007659s ]
NOTIC: [8] Undefined index: act E:\svn_fang\svn_online\fang\gogo\Home\Controller\UserController.class.php 第 119 行.

[ 2015-09-02T16:42:45+08:00 ] 127.0.0.1 /index.php?c=user&a=imguploadAPI
INFO: [ app_begin ] --START--
INFO: Run Behavior\ReadHtmlCacheBehavior [ RunTime:0.005349s ]
INFO: [ app_begin ] --END-- [ RunTime:0.007831s ]
NOTIC: [8] Undefined index: act E:\svn_fang\svn_online\fang\gogo\Home\Controller\UserController.class.php 第 119 行.

[ 2015-09-02T16:43:35+08:00 ] 127.0.0.1 /index.php?c=user&a=imguploadAPI
INFO: [ app_begin ] --START--
INFO: Run Behavior\ReadHtmlCacheBehavior [ RunTime:0.005853s ]
INFO: [ app_begin ] --END-- [ RunTime:0.008191s ]
NOTIC: [8] Undefined index: act E:\svn_fang\svn_online\fang\gogo\Home\Controller\UserController.class.php 第 119 行.

[ 2015-09-02T16:45:55+08:00 ] 127.0.0.1 /index.php?c=user&a=imguploadAPI
INFO: [ app_begin ] --START--
INFO: Run Behavior\ReadHtmlCacheBehavior [ RunTime:0.005740s ]
INFO: [ app_begin ] --END-- [ RunTime:0.008227s ]
NOTIC: [8] Undefined index: act E:\svn_fang\svn_online\fang\gogo\Home\Controller\UserController.class.php 第 119 行.

[ 2015-09-02T16:48:20+08:00 ] 127.0.0.1 /index.php?c=user&a=imguploadAPI
INFO: [ app_begin ] --START--
INFO: Run Behavior\ReadHtmlCacheBehavior [ RunTime:0.005714s ]
INFO: [ app_begin ] --END-- [ RunTime:0.008141s ]
NOTIC: [8] Undefined index: act E:\svn_fang\svn_online\fang\gogo\Home\Controller\UserController.class.php 第 119 行.

[ 2015-09-02T16:51:21+08:00 ] 127.0.0.1 /index.php?c=user&a=imguploadAPI
INFO: [ app_begin ] --START--
INFO: Run Behavior\ReadHtmlCacheBehavior [ RunTime:0.005479s ]
INFO: [ app_begin ] --END-- [ RunTime:0.007894s ]
NOTIC: [8] Undefined index: act E:\svn_fang\svn_online\fang\gogo\Home\Controller\UserController.class.php 第 121 行.

[ 2015-09-02T16:55:20+08:00 ] 127.0.0.1 /index.php?c=user&a=imguploadAPI
INFO: [ app_begin ] --START--
INFO: Run Behavior\ReadHtmlCacheBehavior [ RunTime:0.005430s ]
INFO: [ app_begin ] --END-- [ RunTime:0.007724s ]
NOTIC: [8] Undefined index: act E:\svn_fang\svn_online\fang\gogo\Home\Controller\UserController.class.php 第 121 行.

[ 2015-09-02T17:40:10+08:00 ] 127.0.0.1 /index.php?c=user&a=chknameAPI&user_name=alan20
INFO: [ app_begin ] --START--
INFO: Run Behavior\ReadHtmlCacheBehavior [ RunTime:0.005755s ]
INFO: [ app_begin ] --END-- [ RunTime:0.009086s ]
SQL: SHOW COLUMNS FROM `gogo_user` [ RunTime:0.0211s ]
SQL: SELECT * FROM `gogo_user` WHERE `user_name` = 'alan20' LIMIT 1   [ RunTime:0.0011s ]

[ 2015-09-02T17:40:13+08:00 ] 127.0.0.1 /index.php?c=user&a=chknameAPI&user_name=alan20
INFO: [ app_begin ] --START--
INFO: Run Behavior\ReadHtmlCacheBehavior [ RunTime:0.007940s ]
INFO: [ app_begin ] --END-- [ RunTime:0.011081s ]
SQL: SHOW COLUMNS FROM `gogo_user` [ RunTime:0.0205s ]
SQL: SELECT * FROM `gogo_user` WHERE `user_name` = 'alan20' LIMIT 1   [ RunTime:0.0007s ]

[ 2015-09-02T17:40:49+08:00 ] 127.0.0.1 /index.php?c=user&a=chknameAPI&user_name=alan19
INFO: [ app_begin ] --START--
INFO: Run Behavior\ReadHtmlCacheBehavior [ RunTime:0.006303s ]
INFO: [ app_begin ] --END-- [ RunTime:0.009480s ]
SQL: SHOW COLUMNS FROM `gogo_user` [ RunTime:0.0208s ]
SQL: SELECT * FROM `gogo_user` WHERE `user_name` = 'alan19' LIMIT 1   [ RunTime:0.0011s ]

[ 2015-09-02T17:40:57+08:00 ] 127.0.0.1 /index.php?c=user&a=chknameAPI&user_name=alan22
INFO: [ app_begin ] --START--
INFO: Run Behavior\ReadHtmlCacheBehavior [ RunTime:0.005786s ]
INFO: [ app_begin ] --END-- [ RunTime:0.009223s ]
SQL: SHOW COLUMNS FROM `gogo_user` [ RunTime:0.0202s ]
SQL: SELECT * FROM `gogo_user` WHERE `user_name` = 'alan22' LIMIT 1   [ RunTime:0.0010s ]

[ 2015-09-02T17:42:47+08:00 ] 127.0.0.1 /index.php?c=user&a=chknameAPI&user_name=alan25
INFO: [ app_begin ] --START--
INFO: Run Behavior\ReadHtmlCacheBehavior [ RunTime:0.002950s ]
INFO: [ app_begin ] --END-- [ RunTime:0.005973s ]
SQL: SHOW COLUMNS FROM `gogo_user` [ RunTime:0.0209s ]
SQL: SELECT * FROM `gogo_user` WHERE `user_name` = 'alan25' LIMIT 1   [ RunTime:0.0010s ]

[ 2015-09-02T17:43:58+08:00 ] 127.0.0.1 /index.php?c=user&a=chknameAPI&user_name=alasdfsa
INFO: [ app_begin ] --START--
INFO: Run Behavior\ReadHtmlCacheBehavior [ RunTime:0.003160s ]
INFO: [ app_begin ] --END-- [ RunTime:0.006338s ]
SQL: SHOW COLUMNS FROM `gogo_user` [ RunTime:0.0203s ]
SQL: SELECT * FROM `gogo_user` WHERE `user_name` = 'alasdfsa' LIMIT 1   [ RunTime:0.0010s ]

[ 2015-09-02T17:44:17+08:00 ] 127.0.0.1 /index.php?c=user&a=chknameAPI&user_name=alasdfsa
INFO: [ app_begin ] --START--
INFO: Run Behavior\ReadHtmlCacheBehavior [ RunTime:0.003748s ]
INFO: [ app_begin ] --END-- [ RunTime:0.006955s ]
SQL: SHOW COLUMNS FROM `gogo_user` [ RunTime:0.0221s ]
SQL: SELECT * FROM `gogo_user` WHERE `user_name` = 'alasdfsa' LIMIT 1   [ RunTime:0.0008s ]

[ 2015-09-02T17:45:25+08:00 ] 127.0.0.1 /index.php?c=user&a=chknameAPI&user_name=asdfasfda
INFO: [ app_begin ] --START--
INFO: Run Behavior\ReadHtmlCacheBehavior [ RunTime:0.003592s ]
INFO: [ app_begin ] --END-- [ RunTime:0.006835s ]
SQL: SHOW COLUMNS FROM `gogo_user` [ RunTime:0.0205s ]
SQL: SELECT * FROM `gogo_user` WHERE `user_name` = 'asdfasfda' LIMIT 1   [ RunTime:0.0010s ]

[ 2015-09-02T17:46:28+08:00 ] 127.0.0.1 /index.php?m=&c=user&a=login
ERR: Think\Model:_makePwd方法不存在！

[ 2015-09-02T19:26:09+08:00 ] 127.0.0.1 /index.php?c=user&a=chknameAPI&user_name=alan55
INFO: [ app_begin ] --START--
INFO: Run Behavior\ReadHtmlCacheBehavior [ RunTime:0.002973s ]
INFO: [ app_begin ] --END-- [ RunTime:0.006409s ]

[ 2015-09-02T19:35:28+08:00 ] 127.0.0.1 /index.php?c=user&a=chknameAPI&user_name=alan56
INFO: [ app_begin ] --START--
INFO: Run Behavior\ReadHtmlCacheBehavior [ RunTime:0.002851s ]
INFO: [ app_begin ] --END-- [ RunTime:0.006081s ]
SQL: SHOW COLUMNS FROM `gogo_user` [ RunTime:0.0211s ]
SQL: SELECT * FROM `gogo_user` WHERE `user_name` = 'alan56' LIMIT 1   [ RunTime:0.0011s ]

[ 2015-09-02T19:38:55+08:00 ] 127.0.0.1 /index.php?c=user&a=chknameAPI&user_name=alan57
INFO: [ app_begin ] --START--
INFO: Run Behavior\ReadHtmlCacheBehavior [ RunTime:0.002818s ]
INFO: [ app_begin ] --END-- [ RunTime:0.006024s ]
SQL: SHOW COLUMNS FROM `gogo_user` [ RunTime:0.0209s ]
SQL: SELECT * FROM `gogo_user` WHERE `user_name` = 'alan57' LIMIT 1   [ RunTime:0.0012s ]

[ 2015-09-02T19:39:36+08:00 ] 127.0.0.1 /index.php?c=user&a=chknameAPI&user_name=alan58
INFO: [ app_begin ] --START--
INFO: Run Behavior\ReadHtmlCacheBehavior [ RunTime:0.003051s ]
INFO: [ app_begin ] --END-- [ RunTime:0.006583s ]
SQL: SHOW COLUMNS FROM `gogo_user` [ RunTime:0.0208s ]
SQL: SELECT * FROM `gogo_user` WHERE `user_name` = 'alan58' LIMIT 1   [ RunTime:0.0010s ]

[ 2015-09-02T19:44:00+08:00 ] 127.0.0.1 /index.php?c=user&a=chknameAPI&user_name=alan58
INFO: [ app_begin ] --START--
INFO: Run Behavior\ReadHtmlCacheBehavior [ RunTime:0.002758s ]
INFO: [ app_begin ] --END-- [ RunTime:0.005881s ]
SQL: SHOW COLUMNS FROM `gogo_user` [ RunTime:0.0215s ]
SQL: SELECT * FROM `gogo_user` WHERE `user_name` = 'alan58' LIMIT 1   [ RunTime:0.0009s ]

[ 2015-09-02T19:44:05+08:00 ] 127.0.0.1 /index.php?c=user&a=chknameAPI&user_name=alan61
INFO: [ app_begin ] --START--
INFO: Run Behavior\ReadHtmlCacheBehavior [ RunTime:0.003059s ]
INFO: [ app_begin ] --END-- [ RunTime:0.006265s ]
SQL: SHOW COLUMNS FROM `gogo_user` [ RunTime:0.0213s ]
SQL: SELECT * FROM `gogo_user` WHERE `user_name` = 'alan61' LIMIT 1   [ RunTime:0.0010s ]

[ 2015-09-02T19:44:45+08:00 ] 127.0.0.1 /index.php?c=user&a=imguploadAPI
INFO: [ app_begin ] --START--
INFO: Run Behavior\ReadHtmlCacheBehavior [ RunTime:0.003105s ]
INFO: [ app_begin ] --END-- [ RunTime:0.006596s ]
NOTIC: [8] Undefined index: act E:\svn_fang\svn_online\fang\gogo\Home\Controller\UserController.class.php 第 124 行.

[ 2015-09-02T19:44:49+08:00 ] 127.0.0.1 /index.php?c=user&a=imguploadAPI
INFO: [ app_begin ] --START--
INFO: Run Behavior\ReadHtmlCacheBehavior [ RunTime:0.002820s ]
INFO: [ app_begin ] --END-- [ RunTime:0.006004s ]
NOTIC: [8] Undefined index: act E:\svn_fang\svn_online\fang\gogo\Home\Controller\UserController.class.php 第 124 行.

[ 2015-09-02T19:44:55+08:00 ] 127.0.0.1 /index.php?c=user&a=imguploadAPI
INFO: [ app_begin ] --START--
INFO: Run Behavior\ReadHtmlCacheBehavior [ RunTime:0.003154s ]
INFO: [ app_begin ] --END-- [ RunTime:0.007424s ]
NOTIC: [8] Undefined index: act E:\svn_fang\svn_online\fang\gogo\Home\Controller\UserController.class.php 第 124 行.

[ 2015-09-02T19:53:14+08:00 ] 127.0.0.1 /?c=user&a=chknameAPI&user_name=alan99
INFO: [ app_begin ] --START--
INFO: Run Behavior\ReadHtmlCacheBehavior [ RunTime:0.002898s ]
INFO: [ app_begin ] --END-- [ RunTime:0.006108s ]
SQL: SHOW COLUMNS FROM `gogo_user` [ RunTime:0.0248s ]
SQL: SELECT * FROM `gogo_user` WHERE `user_name` = 'alan99' LIMIT 1   [ RunTime:0.0012s ]

[ 2015-09-02T19:54:06+08:00 ] 127.0.0.1 /index.php?c=user&a=imguploadAPI
INFO: [ app_begin ] --START--
INFO: Run Behavior\ReadHtmlCacheBehavior [ RunTime:0.005563s ]
INFO: [ app_begin ] --END-- [ RunTime:0.008138s ]
NOTIC: [8] Undefined index: act E:\svn_fang\svn_online\fang\gogo\Home\Controller\UserController.class.php 第 123 行.

[ 2015-09-02T20:03:46+08:00 ] 127.0.0.1 /index.php?c=user&a=imguploadAPI
INFO: [ app_begin ] --START--
INFO: Run Behavior\ReadHtmlCacheBehavior [ RunTime:0.007437s ]
INFO: [ app_begin ] --END-- [ RunTime:0.010900s ]
NOTIC: [8] Undefined index: act E:\svn_fang\svn_online\fang\gogo\Home\Controller\UserController.class.php 第 123 行.

[ 2015-09-02T20:06:20+08:00 ] 127.0.0.1 /?c=user&a=chknameAPI&user_name=alan98
INFO: [ app_begin ] --START--
INFO: Run Behavior\ReadHtmlCacheBehavior [ RunTime:0.005690s ]
INFO: [ app_begin ] --END-- [ RunTime:0.008895s ]
SQL: SHOW COLUMNS FROM `gogo_user` [ RunTime:0.0202s ]
SQL: SELECT * FROM `gogo_user` WHERE `user_name` = 'alan98' LIMIT 1   [ RunTime:0.0010s ]

[ 2015-09-02T20:06:59+08:00 ] 127.0.0.1 /index.php?c=user&a=imguploadAPI
INFO: [ app_begin ] --START--
INFO: Run Behavior\ReadHtmlCacheBehavior [ RunTime:0.005982s ]
INFO: [ app_begin ] --END-- [ RunTime:0.009300s ]
NOTIC: [8] Undefined index: act E:\svn_fang\svn_online\fang\gogo\Home\Controller\UserController.class.php 第 123 行.

[ 2015-09-02T20:07:07+08:00 ] 127.0.0.1 /index.php?c=user&a=imguploadAPI
INFO: [ app_begin ] --START--
INFO: Run Behavior\ReadHtmlCacheBehavior [ RunTime:0.006451s ]
INFO: [ app_begin ] --END-- [ RunTime:0.009678s ]
NOTIC: [8] Undefined index: act E:\svn_fang\svn_online\fang\gogo\Home\Controller\UserController.class.php 第 123 行.

[ 2015-09-02T20:33:19+08:00 ] 127.0.0.1 /index.php?c=user&a=chknameAPI&user_name=asdfa
INFO: [ app_begin ] --START--
INFO: Run Behavior\ReadHtmlCacheBehavior [ RunTime:0.003210s ]
INFO: [ app_begin ] --END-- [ RunTime:0.006607s ]

[ 2015-09-02T20:34:19+08:00 ] 127.0.0.1 /index.php?c=user&a=login
ERR: SQLSTATE[28000] [1045] Access denied for user 'fang'@'localhost' (using password: YES)

